[2024-07-13 11:27:10] Avvio applicazione.
[2024-07-13 11:27:12] Applicazione chiusa.
[2024-07-13 11:56:05] Avvio applicazione.
[2024-07-13 11:58:07] Nuovo operatore registrato: inci PRSLRA85M12H501G inci@gmail.com 2 asd
[2024-07-13 11:58:10] Operatore 1 ha effettuato il login.
[2024-07-13 11:58:20] Operatore 2 ha effettuato il login.
[2024-07-13 11:58:58] Applicazione chiusa.
[2024-07-13 11:59:01] Avvio applicazione.
[2024-07-13 11:59:11] Operatore 2 ha effettuato il login.
[2024-07-13 11:59:22] Avvio applicazione.
[2024-07-13 11:59:27] Operatore 1 ha effettuato il login.
[2024-07-13 11:59:32] Applicazione chiusa.
[2024-07-13 12:01:38] Avvio applicazione.
[2024-07-13 12:01:43] Operatore 2 ha effettuato il login.
[2024-07-13 12:01:52] Operatore 1 ha effettuato il login.
[2024-07-13 12:01:56] Applicazione chiusa.
[2024-07-13 12:19:19] Avvio applicazione.
[2024-07-13 12:19:24] Operatore 1 ha effettuato il login.
[2024-07-13 12:19:33] Applicazione chiusa.
[2024-07-13 12:19:39] Avvio applicazione.
[2024-07-13 12:19:46] Operatore 1 ha effettuato il login.
[2024-07-13 12:19:59] Applicazione chiusa.
[2024-07-13 12:20:25] Avvio applicazione.
[2024-07-13 12:20:29] Operatore 1 ha effettuato il login.
[2024-07-13 12:20:43] Applicazione chiusa.
[2024-07-13 12:21:10] Avvio applicazione.
[2024-07-13 12:21:14] Operatore 1 ha effettuato il login.
[2024-07-13 12:21:58] Applicazione chiusa.
[2024-07-13 12:22:56] Avvio applicazione.
[2024-07-13 12:23:01] Operatore 2 ha effettuato il login.
[2024-07-13 12:23:59] Applicazione chiusa.
[2024-07-13 12:29:05] Avvio applicazione.
[2024-07-13 12:29:09] Operatore 1 ha effettuato il login.
[2024-07-13 12:29:16] Nuovi parametri inseriti per Dongo,IT,46.12999,9.28169 asd 0 0 0 0 0 0 0       
[2024-07-13 12:29:21] Applicazione chiusa.
[2024-07-13 13:18:47] Avvio applicazione.
[2024-07-13 13:18:52] Operatore 1 ha effettuato il login.
[2024-07-13 13:19:08] Nuovi parametri inseriti per Dongo,IT,46.12999,9.28169 asd 2 0 3 0 4 0 2 / / / / / / /
[2024-07-13 13:19:14] Applicazione chiusa.
[2024-07-13 13:19:45] Avvio applicazione.
[2024-07-13 13:19:50] Operatore 1 ha effettuato il login.
[2024-07-13 13:20:03] Nuovi parametri inseriti per Dongo,IT,46.12999,9.28169 asd 3 0 0 0 2 0 0 / / / / / / /
[2024-07-13 13:20:13] Applicazione chiusa.
[2024-07-13 13:20:22] Avvio applicazione.
[2024-07-13 13:21:09] Operatore 1 ha effettuato il login.
[2024-07-13 13:21:23] Nuovi parametri inseriti per Dongo,IT,46.12999,9.28169 asd 2 3 4 3 4 2 1 / / / / / / /
[2024-07-13 13:21:50] Applicazione chiusa.
[2024-07-13 13:22:33] Avvio applicazione.
[2024-07-13 13:23:01] Applicazione chiusa.
[2024-07-13 13:23:28] Avvio applicazione.
[2024-07-13 13:23:49] Applicazione chiusa.
[2024-07-13 13:25:34] Avvio applicazione.
[2024-07-13 13:25:52] Applicazione chiusa.
[2024-07-13 13:26:55] Avvio applicazione.
[2024-07-13 13:27:00] Operatore 1 ha effettuato il login.
[2024-07-13 13:27:51] Operatore 2 ha effettuato il login.
[2024-07-13 13:28:34] Nuovo centro registrato: [Dongo,IT,46.12999,9.28169, Como,IT,45.80819,9.0832] centro2 belvedere 3 22070 figliaro co 2
[2024-07-13 13:28:53] Nuovi parametri inseriti per Dongo,IT,46.12999,9.28169 centro2 3 3 3 3 1 3 4 / / / / / / /
[2024-07-13 13:29:19] Operatore 1 ha effettuato il login.
[2024-07-13 13:29:49] Nuovi parametri inseriti per Dongo,IT,46.12999,9.28169 asd 1 1 1 1 1 1 1 asdf asdfas fasdf asdfasdf fsafdsdf asdfasdf asdfasdf
[2024-07-13 13:30:11] Applicazione chiusa.
[2024-07-13 13:32:46] Avvio applicazione.
[2024-07-13 13:34:14] Applicazione chiusa.
[2024-07-13 13:36:00] Avvio applicazione.
[2024-07-13 13:36:33] Applicazione chiusa.
[2024-07-13 13:36:58] Avvio applicazione.
[2024-07-13 13:37:21] Applicazione chiusa.
[2024-07-13 13:37:31] Avvio applicazione.
[2024-07-13 13:37:47] Applicazione chiusa.
[2024-07-13 14:41:45] Avvio applicazione.
[2024-07-13 14:43:19] Nuovo operatore registrato: ric PRSLRA85M12H501G ric@gmail.it 1 asd
[2024-07-13 14:43:22] Operatore 1 ha effettuato il login.
[2024-07-13 14:43:27] Applicazione chiusa.
[2024-07-13 15:11:46] Avvio applicazione.
[2024-07-13 15:11:52] Applicazione chiusa.
[2024-07-13 15:12:45] Avvio applicazione.
[2024-07-13 15:12:57] Applicazione chiusa.
[2024-07-13 15:13:28] Avvio applicazione.
[2024-07-13 15:13:32] Applicazione chiusa.
[2024-07-13 16:08:04] Avvio applicazione.
[2024-07-13 16:09:12] Nuovo operatore registrato: ric RSSMRA97M13H501N ric@gmail.com 1 asd
[2024-07-13 16:09:15] Operatore 1 ha effettuato il login.
[2024-07-13 16:09:51] Nuovo centro registrato: [Dongo,IT,46.12999,9.28169, Como,IT,45.80819,9.0832] centro1 belvedere 3 22070 figliaro co 2
[2024-07-13 16:11:36] Applicazione chiusa.
[2024-07-13 16:18:19] Avvio applicazione.
[2024-07-13 16:18:41] Nuovo operatore registrato: ric RSSMRA97M13H501N asd@asdgf 1 asd
[2024-07-13 16:18:46] Operatore 1 ha effettuato il login.
[2024-07-13 16:19:14] Nuovo centro registrato: [Dongo,IT,46.12999,9.28169, Como,IT,45.80819,9.0832] sdzf asdf 3 22070 figliaro co 2
[2024-07-13 16:19:32] Operatore 1 ha effettuato il login.
[2024-07-13 16:19:52] Nuovi parametri inseriti per Dongo,IT,46.12999,9.28169 sdzf 2 3 3 3 3 4 3 / / / / / / /
[2024-07-13 16:20:12] Applicazione chiusa.
[2024-07-13 18:13:20] Avvio applicazione.
[2024-07-13 18:13:37] Applicazione chiusa.
[2024-07-13 18:14:54] Avvio applicazione.
[2024-07-13 18:16:08] Applicazione chiusa.
[2024-07-15 14:14:46] Avvio applicazione.
[2024-07-15 14:15:16] Applicazione chiusa.
[2024-07-15 14:18:38] Avvio applicazione.
[2024-07-15 14:19:23] Applicazione chiusa.
[2024-07-15 14:20:02] Avvio applicazione.
[2024-07-15 14:20:16] Applicazione chiusa.
[2024-07-15 14:20:46] Avvio applicazione.
[2024-07-15 14:20:52] Applicazione chiusa.
[2024-07-15 14:22:09] Avvio applicazione.
[2024-07-15 16:54:35] Avvio applicazione.
[2024-07-15 16:54:40] Applicazione chiusa.
[2024-07-15 18:24:08] Avvio applicazione.
[2024-07-15 18:24:19] Applicazione chiusa.
[2024-07-16 15:24:42] Avvio applicazione.
[2024-07-16 15:24:45] Applicazione chiusa.
[2024-07-16 15:24:47] Avvio applicazione.
[2024-07-16 15:24:58] Applicazione chiusa.
[2024-07-16 15:24:59] Avvio applicazione.
[2024-07-16 15:26:18] Applicazione chiusa.
[2024-07-16 15:30:03] Avvio applicazione.
[2024-07-16 15:31:02] Nuovo operatore registrato: ric RSSMRA85M01H501Y sdfg@sdfg 1 asd
[2024-07-16 15:31:05] Operatore 1 ha effettuato il login.
[2024-07-16 15:31:55] Nuovo centro registrato: [Dongo,IT,46.12999,9.28169, Como,IT,45.80819,9.0832] c1 sdaf 2 22070 figliaro co 2
[2024-07-16 15:32:32] Nuovo operatore registrato: inci RSSMRA85M01H501Y ric@gmail.com 2 asd
[2024-07-16 15:32:39] Operatore 2 ha effettuato il login.
[2024-07-16 15:33:05] Nuovo centro registrato: [Dongo,IT,46.12999,9.28169] c1 asd 3 22070 asdf co 1
[2024-07-16 15:33:26] Operatore 1 ha effettuato il login.
[2024-07-16 15:33:32] Applicazione chiusa.
[2024-07-16 15:35:09] Avvio applicazione.
[2024-07-16 15:35:14] Operatore 1 ha effettuato il login.
[2024-07-16 15:35:37] Nuovo centro registrato: [Dongo,IT,46.12999,9.28169] c1 asdf 2 22070 PRIMO CO 1
[2024-07-16 15:35:43] Operatore 1 ha effettuato il login.
[2024-07-16 15:35:45] Operatore 2 ha effettuato il login.
[2024-07-16 15:36:04] Nuovo centro registrato: [Como,IT,45.80819,9.0832] c1 asdfas 2 22070 SECONDO CO 1
[2024-07-16 15:36:46] Applicazione chiusa.
[2024-07-16 15:43:42] Avvio applicazione.
[2024-07-16 15:43:57] Nuovo operatore registrato: ric RSSMRA85M01H501Y ric@sadf 1 asd
[2024-07-16 15:44:00] Operatore 1 ha effettuato il login.
[2024-07-16 15:44:38] Nuovo centro registrato: [Dongo,IT,46.12999,9.28169, Como,IT,45.80819,9.0832] c1 asdf 2 22070 primo co 2
[2024-07-16 15:44:54] Nuovo operatore registrato: ric RSSMRA85M01H501Y asdgfsdfg@adfg 2 asd
[2024-07-16 15:44:56] Operatore 2 ha effettuato il login.
[2024-07-16 15:45:41] Applicazione chiusa.
[2024-07-16 16:38:01] Avvio applicazione.
[2024-07-16 16:38:37] Nuovo operatore registrato: ric RSSMRA85M01H501Y asdf@asdf 1 asd
[2024-07-16 16:38:39] Operatore 1 ha effettuato il login.
[2024-07-16 16:38:58] Nuovo centro registrato: [Dongo,IT,46.12999,9.28169] c1 asdfasdf 2 22070 asdf co 1
[2024-07-16 16:39:12] Nuovo operatore registrato: ric RSSMRA85M01H501Y asdf@sfdh 2 asd
[2024-07-16 16:39:19] Operatore 1 ha effettuato il login.
[2024-07-16 16:39:23] Operatore 2 ha effettuato il login.
[2024-07-16 16:40:38] Applicazione chiusa.
[2024-07-16 16:41:49] Avvio applicazione.
[2024-07-16 16:42:05] Nuovo operatore registrato: asdf RSSMRA85M01H501Y asdf@sdfgh 1 asd
[2024-07-16 16:42:12] Nuovo operatore registrato: asdf RSSMRA85M01H501Y asdf@dfgh 2 asd
[2024-07-16 16:42:14] Operatore 1 ha effettuato il login.
[2024-07-16 16:42:33] Nuovo centro registrato: [Dongo,IT,46.12999,9.28169, Como,IT,45.80819,9.0832] c1 asdf 2 22005 saf sd 2
[2024-07-16 16:42:37] Operatore 2 ha effettuato il login.
[2024-07-16 16:43:46] Applicazione chiusa.
[2024-07-16 16:50:19] Avvio applicazione.
[2024-07-16 16:50:57] Nuovo operatore registrato: ric RSSMRA85M01H501Y sdfg@dfgh 1 asd
[2024-07-16 16:51:03] Nuovo operatore registrato: sdf RSSMRA85M01H501Y asdfg@sdfgh 2 asd
[2024-07-16 16:51:05] Operatore 1 ha effettuato il login.
[2024-07-16 16:51:38] Applicazione chiusa.
[2024-07-16 16:52:19] Avvio applicazione.
[2024-07-16 16:52:28] Nuovo operatore registrato: asd RSSMRA85M01H501Y sadf@dftghy 1 asd
[2024-07-16 16:52:34] Nuovo operatore registrato: asdf RSSMRA85M01H501Y adfg@dfgh 2 asd
[2024-07-16 16:52:37] Operatore 1 ha effettuato il login.
[2024-07-16 16:53:47] Nuovo centro registrato: [Dongo,IT,46.12999,9.28169, Como,IT,45.80819,9.0832] c1 asdf 2 22222 asdf ds 2
[2024-07-16 16:53:52] Operatore 2 ha effettuato il login.
[2024-07-16 16:54:48] Nuovo centro registrato: [Dongo,IT,46.12999,9.28169, Como,IT,45.80819,9.0832] c2 asdf 2 22070 asdfasdf ca 2
[2024-07-16 16:54:52] Applicazione chiusa.
